<?xml version="1.0" encoding="UTF-8"?>
<!-- Generated by org.testng.reporters.JUnitReportReporter -->
<testsuite skipped="0" name="demo.Demo1" tests="1" failures="0" timestamp="25 Apr 2018 08:30:35 GMT" time="0.016" errors="0">
  <testcase name="createUser" time="0.016" classname="demo.Demo1"/>
</testsuite> <!-- demo.Demo1 -->
